<?xml version="1.0" encoding="UTF-8"?>
<!-- Generated by org.testng.reporters.JUnitXMLReporter -->
<testsuite ignored="0" hostname="DESKTOP-PS5UK1D" failures="0" tests="3" name="Default test" time="4.28" errors="0" timestamp="2023-05-20T13:17:33 IST">
  <testcase classname="Booking_in_the_Katalon_CuraApp.CURA_Healthcare_Service" name="login" time="1.994"/>
  <testcase classname="Booking_in_the_Katalon_CuraApp.CURA_Healthcare_Service" name="makeAppointment" time="1.685"/>
  <testcase classname="Booking_in_the_Katalon_CuraApp.CURA_Healthcare_Service" name="verifyAppointmentConfirmation" time="0.271"/>
</testsuite> <!-- Default test -->
