<?xml version="1.0" encoding="UTF-8"?>
<!-- Generated by org.testng.reporters.JUnitXMLReporter -->
<testsuite ignored="0" hostname="DESKTOP-PS5UK1D" failures="0" tests="3" name="Test" time="3.886" errors="0" timestamp="2023-05-20T18:11:06 IST">
  <testcase classname="Booking_in_the_Katalon_CuraApp.CURA_Healthcare_Service" name="login" time="2.016"/>
  <testcase classname="Booking_in_the_Katalon_CuraApp.CURA_Healthcare_Service" name="makeAppointment" time="1.422"/>
  <testcase classname="Booking_in_the_Katalon_CuraApp.CURA_Healthcare_Service" name="verifyAppointmentConfirmation" time="0.195"/>
</testsuite> <!-- Test -->
