<?xml version="1.0" encoding="UTF-8"?>
<testng-results ignored="0" total="3" passed="3" failed="0" skipped="0">
  <reporter-output>
  </reporter-output>
  <suite started-at="2023-05-20T18:11:02 IST" name="Suite" finished-at="2023-05-20T18:11:06 IST" duration-ms="3886">
    <groups>
    </groups>
    <test started-at="2023-05-20T18:11:02 IST" name="Test" finished-at="2023-05-20T18:11:06 IST" duration-ms="3886">
      <class name="Booking_in_the_Katalon_CuraApp.CURA_Healthcare_Service">
        <test-method is-config="true" signature="navigateToTheURL()[pri:0, instance:Booking_in_the_Katalon_CuraApp.CURA_Healthcare_Service@37091312]" started-at="2023-05-20T18:10:51 IST" name="navigateToTheURL" finished-at="2023-05-20T18:11:02 IST" duration-ms="10980" status="PASS">
          <reporter-output>
          </reporter-output>
        </test-method> <!-- navigateToTheURL -->
        <test-method signature="login()[pri:0, instance:Booking_in_the_Katalon_CuraApp.CURA_Healthcare_Service@37091312]" started-at="2023-05-20T18:11:03 IST" name="login" finished-at="2023-05-20T18:11:05 IST" duration-ms="2016" status="PASS">
          <reporter-output>
          </reporter-output>
        </test-method> <!-- login -->
        <test-method signature="makeAppointment()[pri:0, instance:Booking_in_the_Katalon_CuraApp.CURA_Healthcare_Service@37091312]" started-at="2023-05-20T18:11:05 IST" name="makeAppointment" finished-at="2023-05-20T18:11:06 IST" duration-ms="1422" status="PASS">
          <reporter-output>
          </reporter-output>
        </test-method> <!-- makeAppointment -->
        <test-method signature="verifyAppointmentConfirmation()[pri:0, instance:Booking_in_the_Katalon_CuraApp.CURA_Healthcare_Service@37091312]" started-at="2023-05-20T18:11:06 IST" name="verifyAppointmentConfirmation" finished-at="2023-05-20T18:11:06 IST" depends-on-methods="Booking_in_the_Katalon_CuraApp.CURA_Healthcare_Service.makeAppointment" duration-ms="195" status="PASS">
          <reporter-output>
          </reporter-output>
        </test-method> <!-- verifyAppointmentConfirmation -->
        <test-method is-config="true" signature="tearDown()[pri:0, instance:Booking_in_the_Katalon_CuraApp.CURA_Healthcare_Service@37091312]" started-at="2023-05-20T18:11:06 IST" name="tearDown" finished-at="2023-05-20T18:11:07 IST" duration-ms="358" status="PASS">
          <reporter-output>
          </reporter-output>
        </test-method> <!-- tearDown -->
      </class> <!-- Booking_in_the_Katalon_CuraApp.CURA_Healthcare_Service -->
    </test> <!-- Test -->
  </suite> <!-- Suite -->
</testng-results>
